<?xml version="1.0" encoding="UTF-8"?>
<!-- Generated by org.testng.reporters.JUnitReportReporter -->
<testsuite hostname="DESKTOP-O3FL1N5" failures="0" tests="1" name="pageObjectsTest.FlightSearchPageTest" time="21.481" errors="0" timestamp="2021-08-12T22:32:48 IST" skipped="0">
  <testcase classname="pageObjectsTest.FlightSearchPageTest" name="test1" time="21.481"/>
  <system-out/>
</testsuite> <!-- pageObjectsTest.FlightSearchPageTest -->
